[WARNING] Disabling enhanced local repository: using legacy is strongly discouraged to ensure build reproducibility.
[INFO] Scanning for projects...
[INFO] 
[INFO] Using the builder org.apache.maven.lifecycle.internal.builder.singlethreaded.SingleThreadedBuilder with a thread count of 1
[INFO]                                                                         
[INFO] ------------------------------------------------------------------------
[INFO] Building AODN_WAVE AODN_WAVE_harvester-0.1.0 (0.1,Job Designs) 0.1.0
[INFO] ------------------------------------------------------------------------
[WARNING] The POM for log4j:log4j:jar:1.2.17 is missing, no dependency information available
[WARNING] The POM for postgresql:postgresql:jar:8.4-703.jdbc4 is missing, no dependency information available
[WARNING] The POM for commons-httpclient:commons-httpclient:jar:3.1 is missing, no dependency information available
[INFO] 
[INFO] --- maven-resources-plugin:3.0.2:resources (default-resources) @ AODN_WAVE_harvester ---
[WARNING] Using platform encoding (UTF-8 actually) to copy filtered resources, i.e. build is platform dependent!
[INFO] Copying 2 resources
[INFO] 
[INFO] --- maven-compiler-plugin:3.6.1:compile (default-compile) @ AODN_WAVE_harvester ---
[INFO] Not compiling main sources
[INFO] 
[INFO] --- maven-resources-plugin:3.0.2:testResources (default-testResources) @ AODN_WAVE_harvester ---
[INFO] Not copying test resources
[INFO] 
[INFO] --- maven-compiler-plugin:3.6.1:testCompile (default-testCompile) @ AODN_WAVE_harvester ---
[INFO] Not compiling test sources
[INFO] 
[INFO] --- maven-surefire-plugin:2.20:test (default-test) @ AODN_WAVE_harvester ---
[INFO] Tests are skipped.
[INFO] 
[INFO] --- maven-jar-plugin:3.0.2:jar (default-jar) @ AODN_WAVE_harvester ---
[INFO] Building jar: /vagrant/src/harvesters-7/workspace/AODN_WAVE/poms/jobs/process/aodn_wave_harvester_0.1/target/aodn_wave_harvester_0_1.jar
[INFO] 
[INFO] --- maven-assembly-plugin:3.0.0:single (default) @ AODN_WAVE_harvester ---
[INFO] Reading assembly descriptor: /vagrant/src/harvesters-7/workspace/AODN_WAVE/poms/jobs/process/aodn_wave_harvester_0.1/src/main/assemblies/assembly.xml
[WARNING] Missing POM for log4j:log4j:jar:1.2.17
[WARNING] Missing POM for postgresql:postgresql:jar:8.4-703.jdbc4
[WARNING] Missing POM for commons-httpclient:commons-httpclient:jar:3.1
[INFO] Building zip: /vagrant/src/harvesters-7/workspace/AODN_WAVE/poms/jobs/process/aodn_wave_harvester_0.1/target/aodn_wave_harvester_0_1.zip
[INFO] ------------------------------------------------------------------------
[INFO] BUILD SUCCESS
[INFO] ------------------------------------------------------------------------
[INFO] Total time: 8.199 s
[INFO] Finished at: 2022-06-08T04:35:28+00:00
[INFO] Final Memory: 11M/278M
[INFO] ------------------------------------------------------------------------
